INFO - 2025-01-05 06:45:34 --> Session: Class initialized using 'CodeIgniter\Session\Handlers\FileHandler' driver.
ERROR - 2025-01-05 06:45:46 --> Error connecting to the database: mysqli_sql_exception: No connection could be made because the target machine actively refused it in C:\Users\vitoa\Desktop\kp\warungemak\system\Database\MySQLi\Connection.php:186
Stack trace:
#0 C:\Users\vitoa\Desktop\kp\warungemak\system\Database\MySQLi\Connection.php(186): mysqli->real_connect('127.0.0.1', 'root', Object(SensitiveParameterValue), 'warungemak', 3306, '', 0)
#1 C:\Users\vitoa\Desktop\kp\warungemak\system\Database\BaseConnection.php(421): CodeIgniter\Database\MySQLi\Connection->connect(false)
#2 C:\Users\vitoa\Desktop\kp\warungemak\system\Database\BaseConnection.php(616): CodeIgniter\Database\BaseConnection->initialize()
#3 C:\Users\vitoa\Desktop\kp\warungemak\system\Database\BaseBuilder.php(1644): CodeIgniter\Database\BaseConnection->query('SELECT *\nFROM `...', Array, false)
#4 C:\Users\vitoa\Desktop\kp\warungemak\system\Model.php(286): CodeIgniter\Database\BaseBuilder->get()
#5 C:\Users\vitoa\Desktop\kp\warungemak\system\BaseModel.php(676): CodeIgniter\Model->doFindAll(0, 0)
#6 C:\Users\vitoa\Desktop\kp\warungemak\app\Models\Pages\TestimoniModel.php(15): CodeIgniter\BaseModel->findAll()
#7 C:\Users\vitoa\Desktop\kp\warungemak\app\Controllers\Pages.php(68): App\Models\Pages\TestimoniModel->getAllTestimoni()
#8 C:\Users\vitoa\Desktop\kp\warungemak\system\CodeIgniter.php(933): App\Controllers\Pages->testimoni()
#9 C:\Users\vitoa\Desktop\kp\warungemak\system\CodeIgniter.php(509): CodeIgniter\CodeIgniter->runController(Object(App\Controllers\Pages))
#10 C:\Users\vitoa\Desktop\kp\warungemak\system\CodeIgniter.php(355): CodeIgniter\CodeIgniter->handleRequest(NULL, Object(Config\Cache), false)
#11 C:\Users\vitoa\Desktop\kp\warungemak\system\Boot.php(325): CodeIgniter\CodeIgniter->run()
#12 C:\Users\vitoa\Desktop\kp\warungemak\system\Boot.php(67): CodeIgniter\Boot::runCodeIgniter(Object(CodeIgniter\CodeIgniter))
#13 C:\Users\vitoa\Desktop\kp\warungemak\public\index.php(56): CodeIgniter\Boot::bootWeb(Object(Config\Paths))
#14 C:\Users\vitoa\Desktop\kp\warungemak\system\rewrite.php(44): require_once('C:\\Users\\vitoa\\...')
#15 {main}

Next CodeIgniter\Database\Exceptions\DatabaseException: No connection could be made because the target machine actively refused it in C:\Users\vitoa\Desktop\kp\warungemak\system\Database\MySQLi\Connection.php:231
Stack trace:
#0 C:\Users\vitoa\Desktop\kp\warungemak\system\Database\BaseConnection.php(421): CodeIgniter\Database\MySQLi\Connection->connect(false)
#1 C:\Users\vitoa\Desktop\kp\warungemak\system\Database\BaseConnection.php(616): CodeIgniter\Database\BaseConnection->initialize()
#2 C:\Users\vitoa\Desktop\kp\warungemak\system\Database\BaseBuilder.php(1644): CodeIgniter\Database\BaseConnection->query('SELECT *\nFROM `...', Array, false)
#3 C:\Users\vitoa\Desktop\kp\warungemak\system\Model.php(286): CodeIgniter\Database\BaseBuilder->get()
#4 C:\Users\vitoa\Desktop\kp\warungemak\system\BaseModel.php(676): CodeIgniter\Model->doFindAll(0, 0)
#5 C:\Users\vitoa\Desktop\kp\warungemak\app\Models\Pages\TestimoniModel.php(15): CodeIgniter\BaseModel->findAll()
#6 C:\Users\vitoa\Desktop\kp\warungemak\app\Controllers\Pages.php(68): App\Models\Pages\TestimoniModel->getAllTestimoni()
#7 C:\Users\vitoa\Desktop\kp\warungemak\system\CodeIgniter.php(933): App\Controllers\Pages->testimoni()
#8 C:\Users\vitoa\Desktop\kp\warungemak\system\CodeIgniter.php(509): CodeIgniter\CodeIgniter->runController(Object(App\Controllers\Pages))
#9 C:\Users\vitoa\Desktop\kp\warungemak\system\CodeIgniter.php(355): CodeIgniter\CodeIgniter->handleRequest(NULL, Object(Config\Cache), false)
#10 C:\Users\vitoa\Desktop\kp\warungemak\system\Boot.php(325): CodeIgniter\CodeIgniter->run()
#11 C:\Users\vitoa\Desktop\kp\warungemak\system\Boot.php(67): CodeIgniter\Boot::runCodeIgniter(Object(CodeIgniter\CodeIgniter))
#12 C:\Users\vitoa\Desktop\kp\warungemak\public\index.php(56): CodeIgniter\Boot::bootWeb(Object(Config\Paths))
#13 C:\Users\vitoa\Desktop\kp\warungemak\system\rewrite.php(44): require_once('C:\\Users\\vitoa\\...')
#14 {main}
CRITICAL - 2025-01-05 06:45:46 --> CodeIgniter\Database\Exceptions\DatabaseException: Unable to connect to the database.
Main connection [MySQLi]: No connection could be made because the target machine actively refused it
[Method: GET, Route: testimoni]
in SYSTEMPATH\Database\BaseConnection.php on line 467.
 1 SYSTEMPATH\Database\BaseConnection.php(616): CodeIgniter\Database\BaseConnection->initialize()
 2 SYSTEMPATH\Database\BaseBuilder.php(1644): CodeIgniter\Database\BaseConnection->query('SELECT *
FROM `testimoni`
ORDER BY `id_testimoni` ASC', [], false)
 3 SYSTEMPATH\Model.php(286): CodeIgniter\Database\BaseBuilder->get()
 4 SYSTEMPATH\BaseModel.php(676): CodeIgniter\Model->doFindAll(0, 0)
 5 APPPATH\Models\Pages\TestimoniModel.php(15): CodeIgniter\BaseModel->findAll()
 6 APPPATH\Controllers\Pages.php(68): App\Models\Pages\TestimoniModel->getAllTestimoni()
 7 SYSTEMPATH\CodeIgniter.php(933): App\Controllers\Pages->testimoni()
 8 SYSTEMPATH\CodeIgniter.php(509): CodeIgniter\CodeIgniter->runController(Object(App\Controllers\Pages))
 9 SYSTEMPATH\CodeIgniter.php(355): CodeIgniter\CodeIgniter->handleRequest(null, Object(Config\Cache), false)
10 SYSTEMPATH\Boot.php(325): CodeIgniter\CodeIgniter->run()
11 SYSTEMPATH\Boot.php(67): CodeIgniter\Boot::runCodeIgniter(Object(CodeIgniter\CodeIgniter))
12 FCPATH\index.php(56): CodeIgniter\Boot::bootWeb(Object(Config\Paths))
13 SYSTEMPATH\rewrite.php(44): require_once('C:\\Users\\vitoa\\Desktop\\kp\\warungemak\\public\\index.php')
