ERROR - 2024-12-01 09:17:44 --> mysqli_sql_exception: Unknown column 'kategori_menu.nama_menu' in 'field list' in C:\xampp\htdocs\warungemak\system\Database\MySQLi\Connection.php:312
Stack trace:
#0 C:\xampp\htdocs\warungemak\system\Database\MySQLi\Connection.php(312): mysqli->query('SELECT `daftar_...', 0)
#1 C:\xampp\htdocs\warungemak\system\Database\BaseConnection.php(734): CodeIgniter\Database\MySQLi\Connection->execute('SELECT `daftar_...')
#2 C:\xampp\htdocs\warungemak\system\Database\BaseConnection.php(648): CodeIgniter\Database\BaseConnection->simpleQuery('SELECT `daftar_...')
#3 C:\xampp\htdocs\warungemak\system\Database\BaseBuilder.php(1644): CodeIgniter\Database\BaseConnection->query('SELECT `daftar_...', Array, false)
#4 C:\xampp\htdocs\warungemak\system\Model.php(286): CodeIgniter\Database\BaseBuilder->get()
#5 C:\xampp\htdocs\warungemak\system\BaseModel.php(676): CodeIgniter\Model->doFindAll(0, 0)
#6 C:\xampp\htdocs\warungemak\app\Models\MenuModel.php(18): CodeIgniter\BaseModel->findAll()
#7 C:\xampp\htdocs\warungemak\app\Controllers\Pages.php(35): App\Models\MenuModel->getMenuDenganKategori()
#8 C:\xampp\htdocs\warungemak\system\CodeIgniter.php(933): App\Controllers\Pages->menu()
#9 C:\xampp\htdocs\warungemak\system\CodeIgniter.php(509): CodeIgniter\CodeIgniter->runController(Object(App\Controllers\Pages))
#10 C:\xampp\htdocs\warungemak\system\CodeIgniter.php(355): CodeIgniter\CodeIgniter->handleRequest(NULL, Object(Config\Cache), false)
#11 C:\xampp\htdocs\warungemak\system\Boot.php(325): CodeIgniter\CodeIgniter->run()
#12 C:\xampp\htdocs\warungemak\system\Boot.php(67): CodeIgniter\Boot::runCodeIgniter(Object(CodeIgniter\CodeIgniter))
#13 C:\xampp\htdocs\warungemak\public\index.php(56): CodeIgniter\Boot::bootWeb(Object(Config\Paths))
#14 C:\xampp\htdocs\warungemak\system\rewrite.php(44): require_once('C:\\xampp\\htdocs...')
#15 {main}
CRITICAL - 2024-12-01 09:17:44 --> CodeIgniter\Database\Exceptions\DatabaseException: Unknown column 'kategori_menu.nama_menu' in 'field list'
[Method: GET, Route: menu]
in SYSTEMPATH\Database\BaseConnection.php on line 688.
 1 SYSTEMPATH\Database\BaseBuilder.php(1644): CodeIgniter\Database\BaseConnection->query('SELECT `daftar_menu`.*, `kategori_menu`.`nama_menu` AS `kategori_nama`
FROM `daftar_menu`
JOIN `kategori_menu` ON `kategori_menu`.`id_kategori` = `daftar_menu`.`id_kategori`', [], false)
 2 SYSTEMPATH\Model.php(286): CodeIgniter\Database\BaseBuilder->get()
 3 SYSTEMPATH\BaseModel.php(676): CodeIgniter\Model->doFindAll(0, 0)
 4 APPPATH\Models\MenuModel.php(18): CodeIgniter\BaseModel->findAll()
 5 APPPATH\Controllers\Pages.php(35): App\Models\MenuModel->getMenuDenganKategori()
 6 SYSTEMPATH\CodeIgniter.php(933): App\Controllers\Pages->menu()
 7 SYSTEMPATH\CodeIgniter.php(509): CodeIgniter\CodeIgniter->runController(Object(App\Controllers\Pages))
 8 SYSTEMPATH\CodeIgniter.php(355): CodeIgniter\CodeIgniter->handleRequest(null, Object(Config\Cache), false)
 9 SYSTEMPATH\Boot.php(325): CodeIgniter\CodeIgniter->run()
10 SYSTEMPATH\Boot.php(67): CodeIgniter\Boot::runCodeIgniter(Object(CodeIgniter\CodeIgniter))
11 FCPATH\index.php(56): CodeIgniter\Boot::bootWeb(Object(Config\Paths))
12 SYSTEMPATH\rewrite.php(44): require_once('C:\\xampp\\htdocs\\warungemak\\public\\index.php')
CRITICAL - 2024-12-01 09:17:44 --> [Caused by] CodeIgniter\Database\Exceptions\DatabaseException: Unknown column 'kategori_menu.nama_menu' in 'field list'
in SYSTEMPATH\Database\MySQLi\Connection.php on line 317.
 1 SYSTEMPATH\Database\BaseConnection.php(734): CodeIgniter\Database\MySQLi\Connection->execute('SELECT `daftar_menu`.*, `kategori_menu`.`nama_menu` AS `kategori_nama`
FROM `daftar_menu`
JOIN `kategori_menu` ON `kategori_menu`.`id_kategori` = `daftar_menu`.`id_kategori`')
 2 SYSTEMPATH\Database\BaseConnection.php(648): CodeIgniter\Database\BaseConnection->simpleQuery('SELECT `daftar_menu`.*, `kategori_menu`.`nama_menu` AS `kategori_nama`
FROM `daftar_menu`
JOIN `kategori_menu` ON `kategori_menu`.`id_kategori` = `daftar_menu`.`id_kategori`')
 3 SYSTEMPATH\Database\BaseBuilder.php(1644): CodeIgniter\Database\BaseConnection->query('SELECT `daftar_menu`.*, `kategori_menu`.`nama_menu` AS `kategori_nama`
FROM `daftar_menu`
JOIN `kategori_menu` ON `kategori_menu`.`id_kategori` = `daftar_menu`.`id_kategori`', [], false)
 4 SYSTEMPATH\Model.php(286): CodeIgniter\Database\BaseBuilder->get()
 5 SYSTEMPATH\BaseModel.php(676): CodeIgniter\Model->doFindAll(0, 0)
 6 APPPATH\Models\MenuModel.php(18): CodeIgniter\BaseModel->findAll()
 7 APPPATH\Controllers\Pages.php(35): App\Models\MenuModel->getMenuDenganKategori()
 8 SYSTEMPATH\CodeIgniter.php(933): App\Controllers\Pages->menu()
 9 SYSTEMPATH\CodeIgniter.php(509): CodeIgniter\CodeIgniter->runController(Object(App\Controllers\Pages))
10 SYSTEMPATH\CodeIgniter.php(355): CodeIgniter\CodeIgniter->handleRequest(null, Object(Config\Cache), false)
11 SYSTEMPATH\Boot.php(325): CodeIgniter\CodeIgniter->run()
12 SYSTEMPATH\Boot.php(67): CodeIgniter\Boot::runCodeIgniter(Object(CodeIgniter\CodeIgniter))
13 FCPATH\index.php(56): CodeIgniter\Boot::bootWeb(Object(Config\Paths))
14 SYSTEMPATH\rewrite.php(44): require_once('C:\\xampp\\htdocs\\warungemak\\public\\index.php')
CRITICAL - 2024-12-01 09:17:44 --> [Caused by] mysqli_sql_exception: Unknown column 'kategori_menu.nama_menu' in 'field list'
in SYSTEMPATH\Database\MySQLi\Connection.php on line 312.
 1 SYSTEMPATH\Database\MySQLi\Connection.php(312): mysqli->query('SELECT `daftar_menu`.*, `kategori_menu`.`nama_menu` AS `kategori_nama`
FROM `daftar_menu`
JOIN `kategori_menu` ON `kategori_menu`.`id_kategori` = `daftar_menu`.`id_kategori`', 0)
 2 SYSTEMPATH\Database\BaseConnection.php(734): CodeIgniter\Database\MySQLi\Connection->execute('SELECT `daftar_menu`.*, `kategori_menu`.`nama_menu` AS `kategori_nama`
FROM `daftar_menu`
JOIN `kategori_menu` ON `kategori_menu`.`id_kategori` = `daftar_menu`.`id_kategori`')
 3 SYSTEMPATH\Database\BaseConnection.php(648): CodeIgniter\Database\BaseConnection->simpleQuery('SELECT `daftar_menu`.*, `kategori_menu`.`nama_menu` AS `kategori_nama`
FROM `daftar_menu`
JOIN `kategori_menu` ON `kategori_menu`.`id_kategori` = `daftar_menu`.`id_kategori`')
 4 SYSTEMPATH\Database\BaseBuilder.php(1644): CodeIgniter\Database\BaseConnection->query('SELECT `daftar_menu`.*, `kategori_menu`.`nama_menu` AS `kategori_nama`
FROM `daftar_menu`
JOIN `kategori_menu` ON `kategori_menu`.`id_kategori` = `daftar_menu`.`id_kategori`', [], false)
 5 SYSTEMPATH\Model.php(286): CodeIgniter\Database\BaseBuilder->get()
 6 SYSTEMPATH\BaseModel.php(676): CodeIgniter\Model->doFindAll(0, 0)
 7 APPPATH\Models\MenuModel.php(18): CodeIgniter\BaseModel->findAll()
 8 APPPATH\Controllers\Pages.php(35): App\Models\MenuModel->getMenuDenganKategori()
 9 SYSTEMPATH\CodeIgniter.php(933): App\Controllers\Pages->menu()
10 SYSTEMPATH\CodeIgniter.php(509): CodeIgniter\CodeIgniter->runController(Object(App\Controllers\Pages))
11 SYSTEMPATH\CodeIgniter.php(355): CodeIgniter\CodeIgniter->handleRequest(null, Object(Config\Cache), false)
12 SYSTEMPATH\Boot.php(325): CodeIgniter\CodeIgniter->run()
13 SYSTEMPATH\Boot.php(67): CodeIgniter\Boot::runCodeIgniter(Object(CodeIgniter\CodeIgniter))
14 FCPATH\index.php(56): CodeIgniter\Boot::bootWeb(Object(Config\Paths))
15 SYSTEMPATH\rewrite.php(44): require_once('C:\\xampp\\htdocs\\warungemak\\public\\index.php')
CRITICAL - 2024-12-01 09:20:35 --> ErrorException: Undefined array key "nama"
[Method: GET, Route: menu]
in APPPATH\Views\menu.php on line 11.
 1 APPPATH\Views\menu.php(11): CodeIgniter\Debug\Exceptions->errorHandler(2, 'Undefined array key "nama"', 'C:\\xampp\\htdocs\\warungemak\\app\\Views\\menu.php', 11)
 2 SYSTEMPATH\View\View.php(234): include('C:\\xampp\\htdocs\\warungemak\\app\\Views\\menu.php')
 3 SYSTEMPATH\View\View.php(237): CodeIgniter\View\View->CodeIgniter\View\{closure}()
 4 SYSTEMPATH\Common.php(1171): CodeIgniter\View\View->render('menu', [], true)
 5 APPPATH\Controllers\Pages.php(36): view('menu', [...])
 6 SYSTEMPATH\CodeIgniter.php(933): App\Controllers\Pages->menu()
 7 SYSTEMPATH\CodeIgniter.php(509): CodeIgniter\CodeIgniter->runController(Object(App\Controllers\Pages))
 8 SYSTEMPATH\CodeIgniter.php(355): CodeIgniter\CodeIgniter->handleRequest(null, Object(Config\Cache), false)
 9 SYSTEMPATH\Boot.php(325): CodeIgniter\CodeIgniter->run()
10 SYSTEMPATH\Boot.php(67): CodeIgniter\Boot::runCodeIgniter(Object(CodeIgniter\CodeIgniter))
11 FCPATH\index.php(56): CodeIgniter\Boot::bootWeb(Object(Config\Paths))
12 SYSTEMPATH\rewrite.php(44): require_once('C:\\xampp\\htdocs\\warungemak\\public\\index.php')
CRITICAL - 2024-12-01 09:26:12 --> ErrorException: preg_match(): Compilation failed: unrecognized character follows \ at offset 7
[Method: GET, Route: menu]
in SYSTEMPATH\Router\Router.php on line 432.
 1 [internal function]: CodeIgniter\Debug\Exceptions->errorHandler(2, 'preg_match(): Compilation failed: unrecognized character follows \\ at offset 7', 'C:\\xampp\\htdocs\\warungemak\\system\\Router\\Router.php', 432)
 2 SYSTEMPATH\Router\Router.php(432): preg_match('#^pages\\menu$#u', 'menu', [])
 3 SYSTEMPATH\Router\Router.php(210): CodeIgniter\Router\Router->checkRoutes('menu')
 4 SYSTEMPATH\CodeIgniter.php(834): CodeIgniter\Router\Router->handle('menu')
 5 SYSTEMPATH\CodeIgniter.php(457): CodeIgniter\CodeIgniter->tryToRouteIt(Object(CodeIgniter\Router\RouteCollection))
 6 SYSTEMPATH\CodeIgniter.php(355): CodeIgniter\CodeIgniter->handleRequest(null, Object(Config\Cache), false)
 7 SYSTEMPATH\Boot.php(325): CodeIgniter\CodeIgniter->run()
 8 SYSTEMPATH\Boot.php(67): CodeIgniter\Boot::runCodeIgniter(Object(CodeIgniter\CodeIgniter))
 9 FCPATH\index.php(56): CodeIgniter\Boot::bootWeb(Object(Config\Paths))
10 SYSTEMPATH\rewrite.php(44): require_once('C:\\xampp\\htdocs\\warungemak\\public\\index.php')
CRITICAL - 2024-12-01 09:26:45 --> ErrorException: preg_match(): Compilation failed: unrecognized character follows \ at offset 7
[Method: GET, Route: menu]
in SYSTEMPATH\Router\Router.php on line 432.
 1 [internal function]: CodeIgniter\Debug\Exceptions->errorHandler(2, 'preg_match(): Compilation failed: unrecognized character follows \\ at offset 7', 'C:\\xampp\\htdocs\\warungemak\\system\\Router\\Router.php', 432)
 2 SYSTEMPATH\Router\Router.php(432): preg_match('#^pages\\menu$#u', 'menu', [])
 3 SYSTEMPATH\Router\Router.php(210): CodeIgniter\Router\Router->checkRoutes('menu')
 4 SYSTEMPATH\CodeIgniter.php(834): CodeIgniter\Router\Router->handle('menu')
 5 SYSTEMPATH\CodeIgniter.php(457): CodeIgniter\CodeIgniter->tryToRouteIt(Object(CodeIgniter\Router\RouteCollection))
 6 SYSTEMPATH\CodeIgniter.php(355): CodeIgniter\CodeIgniter->handleRequest(null, Object(Config\Cache), false)
 7 SYSTEMPATH\Boot.php(325): CodeIgniter\CodeIgniter->run()
 8 SYSTEMPATH\Boot.php(67): CodeIgniter\Boot::runCodeIgniter(Object(CodeIgniter\CodeIgniter))
 9 FCPATH\index.php(56): CodeIgniter\Boot::bootWeb(Object(Config\Paths))
10 SYSTEMPATH\rewrite.php(44): require_once('C:\\xampp\\htdocs\\warungemak\\public\\index.php')
CRITICAL - 2024-12-01 09:26:47 --> ErrorException: preg_match(): Compilation failed: unrecognized character follows \ at offset 7
[Method: GET, Route: /]
in SYSTEMPATH\Router\Router.php on line 432.
 1 [internal function]: CodeIgniter\Debug\Exceptions->errorHandler(2, 'preg_match(): Compilation failed: unrecognized character follows \\ at offset 7', 'C:\\xampp\\htdocs\\warungemak\\system\\Router\\Router.php', 432)
 2 SYSTEMPATH\Router\Router.php(432): preg_match('#^pages\\menu$#u', '/', [])
 3 SYSTEMPATH\Router\Router.php(210): CodeIgniter\Router\Router->checkRoutes('/')
 4 SYSTEMPATH\CodeIgniter.php(834): CodeIgniter\Router\Router->handle('/')
 5 SYSTEMPATH\CodeIgniter.php(457): CodeIgniter\CodeIgniter->tryToRouteIt(Object(CodeIgniter\Router\RouteCollection))
 6 SYSTEMPATH\CodeIgniter.php(355): CodeIgniter\CodeIgniter->handleRequest(null, Object(Config\Cache), false)
 7 SYSTEMPATH\Boot.php(325): CodeIgniter\CodeIgniter->run()
 8 SYSTEMPATH\Boot.php(67): CodeIgniter\Boot::runCodeIgniter(Object(CodeIgniter\CodeIgniter))
 9 FCPATH\index.php(56): CodeIgniter\Boot::bootWeb(Object(Config\Paths))
10 SYSTEMPATH\rewrite.php(44): require_once('C:\\xampp\\htdocs\\warungemak\\public\\index.php')
CRITICAL - 2024-12-01 09:43:16 --> ErrorException: Undefined variable $menu
[Method: GET, Route: menu]
in APPPATH\Views\pages\menu.php on line 4.
 1 APPPATH\Views\pages\menu.php(4): CodeIgniter\Debug\Exceptions->errorHandler(2, 'Undefined variable $menu', 'C:\\xampp\\htdocs\\warungemak\\app\\Views\\pages\\menu.php', 4)
 2 SYSTEMPATH\View\View.php(234): include('C:\\xampp\\htdocs\\warungemak\\app\\Views\\pages\\menu.php')
 3 SYSTEMPATH\View\View.php(237): CodeIgniter\View\View->CodeIgniter\View\{closure}()
 4 SYSTEMPATH\Common.php(1171): CodeIgniter\View\View->render('pages\\menu', [], true)
 5 APPPATH\Controllers\Pages.php(36): view('pages\\menu', [...])
 6 SYSTEMPATH\CodeIgniter.php(933): App\Controllers\Pages->menu()
 7 SYSTEMPATH\CodeIgniter.php(509): CodeIgniter\CodeIgniter->runController(Object(App\Controllers\Pages))
 8 SYSTEMPATH\CodeIgniter.php(355): CodeIgniter\CodeIgniter->handleRequest(null, Object(Config\Cache), false)
 9 SYSTEMPATH\Boot.php(325): CodeIgniter\CodeIgniter->run()
10 SYSTEMPATH\Boot.php(67): CodeIgniter\Boot::runCodeIgniter(Object(CodeIgniter\CodeIgniter))
11 FCPATH\index.php(56): CodeIgniter\Boot::bootWeb(Object(Config\Paths))
12 SYSTEMPATH\rewrite.php(44): require_once('C:\\xampp\\htdocs\\warungemak\\public\\index.php')
CRITICAL - 2024-12-01 09:44:19 --> ErrorException: Undefined variable $menu
[Method: GET, Route: menu]
in APPPATH\Views\pages\menu.php on line 5.
 1 APPPATH\Views\pages\menu.php(5): CodeIgniter\Debug\Exceptions->errorHandler(2, 'Undefined variable $menu', 'C:\\xampp\\htdocs\\warungemak\\app\\Views\\pages\\menu.php', 5)
 2 SYSTEMPATH\View\View.php(234): include('C:\\xampp\\htdocs\\warungemak\\app\\Views\\pages\\menu.php')
 3 SYSTEMPATH\View\View.php(237): CodeIgniter\View\View->CodeIgniter\View\{closure}()
 4 SYSTEMPATH\Common.php(1171): CodeIgniter\View\View->render('pages\\menu', [], true)
 5 APPPATH\Controllers\Pages.php(36): view('pages\\menu', [...])
 6 SYSTEMPATH\CodeIgniter.php(933): App\Controllers\Pages->menu()
 7 SYSTEMPATH\CodeIgniter.php(509): CodeIgniter\CodeIgniter->runController(Object(App\Controllers\Pages))
 8 SYSTEMPATH\CodeIgniter.php(355): CodeIgniter\CodeIgniter->handleRequest(null, Object(Config\Cache), false)
 9 SYSTEMPATH\Boot.php(325): CodeIgniter\CodeIgniter->run()
10 SYSTEMPATH\Boot.php(67): CodeIgniter\Boot::runCodeIgniter(Object(CodeIgniter\CodeIgniter))
11 FCPATH\index.php(56): CodeIgniter\Boot::bootWeb(Object(Config\Paths))
12 SYSTEMPATH\rewrite.php(44): require_once('C:\\xampp\\htdocs\\warungemak\\public\\index.php')
CRITICAL - 2024-12-01 10:15:32 --> CodeIgniter\HTTP\Exceptions\BadRequestException: The URI you submitted has disallowed characters: "(pages)"
[Method: GET, Route: _next/static/chunks/app/%28pages%29/testimonicustomer/page-2a6974059e700161.js]
in SYSTEMPATH\Router\Router.php on line 737.
 1 SYSTEMPATH\Router\Router.php(204): CodeIgniter\Router\Router->checkDisallowedChars('_next/static/chunks/app/(pages)/testimonicustomer/page-2a6974059e700161.js')
 2 SYSTEMPATH\CodeIgniter.php(834): CodeIgniter\Router\Router->handle('_next/static/chunks/app/(pages)/testimonicustomer/page-2a6974059e700161.js')
 3 SYSTEMPATH\CodeIgniter.php(457): CodeIgniter\CodeIgniter->tryToRouteIt(Object(CodeIgniter\Router\RouteCollection))
 4 SYSTEMPATH\CodeIgniter.php(355): CodeIgniter\CodeIgniter->handleRequest(null, Object(Config\Cache), false)
 5 SYSTEMPATH\Boot.php(325): CodeIgniter\CodeIgniter->run()
 6 SYSTEMPATH\Boot.php(67): CodeIgniter\Boot::runCodeIgniter(Object(CodeIgniter\CodeIgniter))
 7 FCPATH\index.php(56): CodeIgniter\Boot::bootWeb(Object(Config\Paths))
 8 SYSTEMPATH\rewrite.php(44): require_once('C:\\xampp\\htdocs\\warungemak\\public\\index.php')
CRITICAL - 2024-12-01 11:50:30 --> Error: Undefined constant "deskripsi_kategori"
[Method: GET, Route: menu]
in APPPATH\Views\pages\menu.php on line 18.
 1 SYSTEMPATH\View\View.php(234): include()
 2 SYSTEMPATH\View\View.php(237): CodeIgniter\View\View->CodeIgniter\View\{closure}()
 3 SYSTEMPATH\Common.php(1171): CodeIgniter\View\View->render('pages\\menu', [], true)
 4 APPPATH\Controllers\Pages.php(54): view('pages\\menu', [...])
 5 SYSTEMPATH\CodeIgniter.php(933): App\Controllers\Pages->menu()
 6 SYSTEMPATH\CodeIgniter.php(509): CodeIgniter\CodeIgniter->runController(Object(App\Controllers\Pages))
 7 SYSTEMPATH\CodeIgniter.php(355): CodeIgniter\CodeIgniter->handleRequest(null, Object(Config\Cache), false)
 8 SYSTEMPATH\Boot.php(325): CodeIgniter\CodeIgniter->run()
 9 SYSTEMPATH\Boot.php(67): CodeIgniter\Boot::runCodeIgniter(Object(CodeIgniter\CodeIgniter))
10 FCPATH\index.php(56): CodeIgniter\Boot::bootWeb(Object(Config\Paths))
11 SYSTEMPATH\rewrite.php(44): require_once('C:\\xampp\\htdocs\\warungemak\\public\\index.php')
CRITICAL - 2024-12-01 11:54:10 --> ErrorException: Undefined array key "kategori_nama"
[Method: GET, Route: menu]
in APPPATH\Controllers\Pages.php on line 44.
 1 APPPATH\Controllers\Pages.php(44): CodeIgniter\Debug\Exceptions->errorHandler(2, 'Undefined array key "kategori_nama"', 'C:\\xampp\\htdocs\\warungemak\\app\\Controllers\\Pages.php', 44)
 2 SYSTEMPATH\CodeIgniter.php(933): App\Controllers\Pages->menu()
 3 SYSTEMPATH\CodeIgniter.php(509): CodeIgniter\CodeIgniter->runController(Object(App\Controllers\Pages))
 4 SYSTEMPATH\CodeIgniter.php(355): CodeIgniter\CodeIgniter->handleRequest(null, Object(Config\Cache), false)
 5 SYSTEMPATH\Boot.php(325): CodeIgniter\CodeIgniter->run()
 6 SYSTEMPATH\Boot.php(67): CodeIgniter\Boot::runCodeIgniter(Object(CodeIgniter\CodeIgniter))
 7 FCPATH\index.php(56): CodeIgniter\Boot::bootWeb(Object(Config\Paths))
 8 SYSTEMPATH\rewrite.php(44): require_once('C:\\xampp\\htdocs\\warungemak\\public\\index.php')
CRITICAL - 2024-12-01 11:54:44 --> Error: Undefined constant "deskripsi_kategori"
[Method: GET, Route: menu]
in APPPATH\Views\pages\menu.php on line 18.
 1 SYSTEMPATH\View\View.php(234): include()
 2 SYSTEMPATH\View\View.php(237): CodeIgniter\View\View->CodeIgniter\View\{closure}()
 3 SYSTEMPATH\Common.php(1171): CodeIgniter\View\View->render('pages\\menu', [], true)
 4 APPPATH\Controllers\Pages.php(54): view('pages\\menu', [...])
 5 SYSTEMPATH\CodeIgniter.php(933): App\Controllers\Pages->menu()
 6 SYSTEMPATH\CodeIgniter.php(509): CodeIgniter\CodeIgniter->runController(Object(App\Controllers\Pages))
 7 SYSTEMPATH\CodeIgniter.php(355): CodeIgniter\CodeIgniter->handleRequest(null, Object(Config\Cache), false)
 8 SYSTEMPATH\Boot.php(325): CodeIgniter\CodeIgniter->run()
 9 SYSTEMPATH\Boot.php(67): CodeIgniter\Boot::runCodeIgniter(Object(CodeIgniter\CodeIgniter))
10 FCPATH\index.php(56): CodeIgniter\Boot::bootWeb(Object(Config\Paths))
11 SYSTEMPATH\rewrite.php(44): require_once('C:\\xampp\\htdocs\\warungemak\\public\\index.php')
CRITICAL - 2024-12-01 11:56:06 --> TypeError: Cannot access offset of type string on string
[Method: GET, Route: menu]
in APPPATH\Views\pages\menu.php on line 18.
 1 SYSTEMPATH\View\View.php(234): include()
 2 SYSTEMPATH\View\View.php(237): CodeIgniter\View\View->CodeIgniter\View\{closure}()
 3 SYSTEMPATH\Common.php(1171): CodeIgniter\View\View->render('pages\\menu', [], true)
 4 APPPATH\Controllers\Pages.php(54): view('pages\\menu', [...])
 5 SYSTEMPATH\CodeIgniter.php(933): App\Controllers\Pages->menu()
 6 SYSTEMPATH\CodeIgniter.php(509): CodeIgniter\CodeIgniter->runController(Object(App\Controllers\Pages))
 7 SYSTEMPATH\CodeIgniter.php(355): CodeIgniter\CodeIgniter->handleRequest(null, Object(Config\Cache), false)
 8 SYSTEMPATH\Boot.php(325): CodeIgniter\CodeIgniter->run()
 9 SYSTEMPATH\Boot.php(67): CodeIgniter\Boot::runCodeIgniter(Object(CodeIgniter\CodeIgniter))
10 FCPATH\index.php(56): CodeIgniter\Boot::bootWeb(Object(Config\Paths))
11 SYSTEMPATH\rewrite.php(44): require_once('C:\\xampp\\htdocs\\warungemak\\public\\index.php')
CRITICAL - 2024-12-01 11:57:45 --> ErrorException: Undefined array key "deskripsi_kategori"
[Method: GET, Route: menu]
in APPPATH\Views\pages\menu.php on line 19.
 1 APPPATH\Views\pages\menu.php(19): CodeIgniter\Debug\Exceptions->errorHandler(2, 'Undefined array key "deskripsi_kategori"', 'C:\\xampp\\htdocs\\warungemak\\app\\Views\\pages\\menu.php', 19)
 2 SYSTEMPATH\View\View.php(234): include('C:\\xampp\\htdocs\\warungemak\\app\\Views\\pages\\menu.php')
 3 SYSTEMPATH\View\View.php(237): CodeIgniter\View\View->CodeIgniter\View\{closure}()
 4 SYSTEMPATH\Common.php(1171): CodeIgniter\View\View->render('pages\\menu', [], true)
 5 APPPATH\Controllers\Pages.php(54): view('pages\\menu', [...])
 6 SYSTEMPATH\CodeIgniter.php(933): App\Controllers\Pages->menu()
 7 SYSTEMPATH\CodeIgniter.php(509): CodeIgniter\CodeIgniter->runController(Object(App\Controllers\Pages))
 8 SYSTEMPATH\CodeIgniter.php(355): CodeIgniter\CodeIgniter->handleRequest(null, Object(Config\Cache), false)
 9 SYSTEMPATH\Boot.php(325): CodeIgniter\CodeIgniter->run()
10 SYSTEMPATH\Boot.php(67): CodeIgniter\Boot::runCodeIgniter(Object(CodeIgniter\CodeIgniter))
11 FCPATH\index.php(56): CodeIgniter\Boot::bootWeb(Object(Config\Paths))
12 SYSTEMPATH\rewrite.php(44): require_once('C:\\xampp\\htdocs\\warungemak\\public\\index.php')
CRITICAL - 2024-12-01 11:58:10 --> ErrorException: Undefined variable $menu
[Method: GET, Route: menu]
in APPPATH\Views\pages\menu.php on line 18.
 1 APPPATH\Views\pages\menu.php(18): CodeIgniter\Debug\Exceptions->errorHandler(2, 'Undefined variable $menu', 'C:\\xampp\\htdocs\\warungemak\\app\\Views\\pages\\menu.php', 18)
 2 SYSTEMPATH\View\View.php(234): include('C:\\xampp\\htdocs\\warungemak\\app\\Views\\pages\\menu.php')
 3 SYSTEMPATH\View\View.php(237): CodeIgniter\View\View->CodeIgniter\View\{closure}()
 4 SYSTEMPATH\Common.php(1171): CodeIgniter\View\View->render('pages\\menu', [], true)
 5 APPPATH\Controllers\Pages.php(54): view('pages\\menu', [...])
 6 SYSTEMPATH\CodeIgniter.php(933): App\Controllers\Pages->menu()
 7 SYSTEMPATH\CodeIgniter.php(509): CodeIgniter\CodeIgniter->runController(Object(App\Controllers\Pages))
 8 SYSTEMPATH\CodeIgniter.php(355): CodeIgniter\CodeIgniter->handleRequest(null, Object(Config\Cache), false)
 9 SYSTEMPATH\Boot.php(325): CodeIgniter\CodeIgniter->run()
10 SYSTEMPATH\Boot.php(67): CodeIgniter\Boot::runCodeIgniter(Object(CodeIgniter\CodeIgniter))
11 FCPATH\index.php(56): CodeIgniter\Boot::bootWeb(Object(Config\Paths))
12 SYSTEMPATH\rewrite.php(44): require_once('C:\\xampp\\htdocs\\warungemak\\public\\index.php')
CRITICAL - 2024-12-01 11:58:45 --> ErrorException: Undefined array key "deskripsi_kategori"
[Method: GET, Route: menu]
in APPPATH\Views\pages\menu.php on line 19.
 1 APPPATH\Views\pages\menu.php(19): CodeIgniter\Debug\Exceptions->errorHandler(2, 'Undefined array key "deskripsi_kategori"', 'C:\\xampp\\htdocs\\warungemak\\app\\Views\\pages\\menu.php', 19)
 2 SYSTEMPATH\View\View.php(234): include('C:\\xampp\\htdocs\\warungemak\\app\\Views\\pages\\menu.php')
 3 SYSTEMPATH\View\View.php(237): CodeIgniter\View\View->CodeIgniter\View\{closure}()
 4 SYSTEMPATH\Common.php(1171): CodeIgniter\View\View->render('pages\\menu', [], true)
 5 APPPATH\Controllers\Pages.php(54): view('pages\\menu', [...])
 6 SYSTEMPATH\CodeIgniter.php(933): App\Controllers\Pages->menu()
 7 SYSTEMPATH\CodeIgniter.php(509): CodeIgniter\CodeIgniter->runController(Object(App\Controllers\Pages))
 8 SYSTEMPATH\CodeIgniter.php(355): CodeIgniter\CodeIgniter->handleRequest(null, Object(Config\Cache), false)
 9 SYSTEMPATH\Boot.php(325): CodeIgniter\CodeIgniter->run()
10 SYSTEMPATH\Boot.php(67): CodeIgniter\Boot::runCodeIgniter(Object(CodeIgniter\CodeIgniter))
11 FCPATH\index.php(56): CodeIgniter\Boot::bootWeb(Object(Config\Paths))
12 SYSTEMPATH\rewrite.php(44): require_once('C:\\xampp\\htdocs\\warungemak\\public\\index.php')
CRITICAL - 2024-12-01 12:08:43 --> ErrorException: Undefined array key "deskripsi_kategori"
[Method: GET, Route: menu]
in APPPATH\Views\pages\menu.php on line 19.
 1 APPPATH\Views\pages\menu.php(19): CodeIgniter\Debug\Exceptions->errorHandler(2, 'Undefined array key "deskripsi_kategori"', 'C:\\xampp\\htdocs\\warungemak\\app\\Views\\pages\\menu.php', 19)
 2 SYSTEMPATH\View\View.php(234): include('C:\\xampp\\htdocs\\warungemak\\app\\Views\\pages\\menu.php')
 3 SYSTEMPATH\View\View.php(237): CodeIgniter\View\View->CodeIgniter\View\{closure}()
 4 SYSTEMPATH\Common.php(1171): CodeIgniter\View\View->render('pages\\menu', [], true)
 5 APPPATH\Controllers\Pages.php(53): view('pages\\menu', [...])
 6 SYSTEMPATH\CodeIgniter.php(933): App\Controllers\Pages->menu()
 7 SYSTEMPATH\CodeIgniter.php(509): CodeIgniter\CodeIgniter->runController(Object(App\Controllers\Pages))
 8 SYSTEMPATH\CodeIgniter.php(355): CodeIgniter\CodeIgniter->handleRequest(null, Object(Config\Cache), false)
 9 SYSTEMPATH\Boot.php(325): CodeIgniter\CodeIgniter->run()
10 SYSTEMPATH\Boot.php(67): CodeIgniter\Boot::runCodeIgniter(Object(CodeIgniter\CodeIgniter))
11 FCPATH\index.php(56): CodeIgniter\Boot::bootWeb(Object(Config\Paths))
12 SYSTEMPATH\rewrite.php(44): require_once('C:\\xampp\\htdocs\\warungemak\\public\\index.php')
CRITICAL - 2024-12-01 12:10:33 --> ErrorException: Undefined variable $menu
[Method: GET, Route: menu]
in APPPATH\Views\pages\menu.php on line 18.
 1 APPPATH\Views\pages\menu.php(18): CodeIgniter\Debug\Exceptions->errorHandler(2, 'Undefined variable $menu', 'C:\\xampp\\htdocs\\warungemak\\app\\Views\\pages\\menu.php', 18)
 2 SYSTEMPATH\View\View.php(234): include('C:\\xampp\\htdocs\\warungemak\\app\\Views\\pages\\menu.php')
 3 SYSTEMPATH\View\View.php(237): CodeIgniter\View\View->CodeIgniter\View\{closure}()
 4 SYSTEMPATH\Common.php(1171): CodeIgniter\View\View->render('pages\\menu', [], true)
 5 APPPATH\Controllers\Pages.php(53): view('pages\\menu', [...])
 6 SYSTEMPATH\CodeIgniter.php(933): App\Controllers\Pages->menu()
 7 SYSTEMPATH\CodeIgniter.php(509): CodeIgniter\CodeIgniter->runController(Object(App\Controllers\Pages))
 8 SYSTEMPATH\CodeIgniter.php(355): CodeIgniter\CodeIgniter->handleRequest(null, Object(Config\Cache), false)
 9 SYSTEMPATH\Boot.php(325): CodeIgniter\CodeIgniter->run()
10 SYSTEMPATH\Boot.php(67): CodeIgniter\Boot::runCodeIgniter(Object(CodeIgniter\CodeIgniter))
11 FCPATH\index.php(56): CodeIgniter\Boot::bootWeb(Object(Config\Paths))
12 SYSTEMPATH\rewrite.php(44): require_once('C:\\xampp\\htdocs\\warungemak\\public\\index.php')
CRITICAL - 2024-12-01 12:12:29 --> ParseError: syntax error, unexpected end of file
[Method: GET, Route: menu]
in APPPATH\Views\pages\menu.php on line 38.
 1 SYSTEMPATH\View\View.php(237): CodeIgniter\View\View->CodeIgniter\View\{closure}()
 2 SYSTEMPATH\Common.php(1171): CodeIgniter\View\View->render('pages\\menu', [], true)
 3 APPPATH\Controllers\Pages.php(53): view('pages\\menu', [...])
 4 SYSTEMPATH\CodeIgniter.php(933): App\Controllers\Pages->menu()
 5 SYSTEMPATH\CodeIgniter.php(509): CodeIgniter\CodeIgniter->runController(Object(App\Controllers\Pages))
 6 SYSTEMPATH\CodeIgniter.php(355): CodeIgniter\CodeIgniter->handleRequest(null, Object(Config\Cache), false)
 7 SYSTEMPATH\Boot.php(325): CodeIgniter\CodeIgniter->run()
 8 SYSTEMPATH\Boot.php(67): CodeIgniter\Boot::runCodeIgniter(Object(CodeIgniter\CodeIgniter))
 9 FCPATH\index.php(56): CodeIgniter\Boot::bootWeb(Object(Config\Paths))
10 SYSTEMPATH\rewrite.php(44): require_once('C:\\xampp\\htdocs\\warungemak\\public\\index.php')
CRITICAL - 2024-12-01 12:14:16 --> ErrorException: Undefined variable $menus
[Method: GET, Route: menu]
in APPPATH\Views\pages\menu.php on line 16.
 1 APPPATH\Views\pages\menu.php(16): CodeIgniter\Debug\Exceptions->errorHandler(2, 'Undefined variable $menus', 'C:\\xampp\\htdocs\\warungemak\\app\\Views\\pages\\menu.php', 16)
 2 SYSTEMPATH\View\View.php(234): include('C:\\xampp\\htdocs\\warungemak\\app\\Views\\pages\\menu.php')
 3 SYSTEMPATH\View\View.php(237): CodeIgniter\View\View->CodeIgniter\View\{closure}()
 4 SYSTEMPATH\Common.php(1171): CodeIgniter\View\View->render('pages\\menu', [], true)
 5 APPPATH\Controllers\Pages.php(53): view('pages\\menu', [...])
 6 SYSTEMPATH\CodeIgniter.php(933): App\Controllers\Pages->menu()
 7 SYSTEMPATH\CodeIgniter.php(509): CodeIgniter\CodeIgniter->runController(Object(App\Controllers\Pages))
 8 SYSTEMPATH\CodeIgniter.php(355): CodeIgniter\CodeIgniter->handleRequest(null, Object(Config\Cache), false)
 9 SYSTEMPATH\Boot.php(325): CodeIgniter\CodeIgniter->run()
10 SYSTEMPATH\Boot.php(67): CodeIgniter\Boot::runCodeIgniter(Object(CodeIgniter\CodeIgniter))
11 FCPATH\index.php(56): CodeIgniter\Boot::bootWeb(Object(Config\Paths))
12 SYSTEMPATH\rewrite.php(44): require_once('C:\\xampp\\htdocs\\warungemak\\public\\index.php')
CRITICAL - 2024-12-01 12:16:39 --> ErrorException: Undefined variable $menu
[Method: GET, Route: menu]
in APPPATH\Views\pages\menu.php on line 18.
 1 APPPATH\Views\pages\menu.php(18): CodeIgniter\Debug\Exceptions->errorHandler(2, 'Undefined variable $menu', 'C:\\xampp\\htdocs\\warungemak\\app\\Views\\pages\\menu.php', 18)
 2 SYSTEMPATH\View\View.php(234): include('C:\\xampp\\htdocs\\warungemak\\app\\Views\\pages\\menu.php')
 3 SYSTEMPATH\View\View.php(237): CodeIgniter\View\View->CodeIgniter\View\{closure}()
 4 SYSTEMPATH\Common.php(1171): CodeIgniter\View\View->render('pages\\menu', [], true)
 5 APPPATH\Controllers\Pages.php(53): view('pages\\menu', [...])
 6 SYSTEMPATH\CodeIgniter.php(933): App\Controllers\Pages->menu()
 7 SYSTEMPATH\CodeIgniter.php(509): CodeIgniter\CodeIgniter->runController(Object(App\Controllers\Pages))
 8 SYSTEMPATH\CodeIgniter.php(355): CodeIgniter\CodeIgniter->handleRequest(null, Object(Config\Cache), false)
 9 SYSTEMPATH\Boot.php(325): CodeIgniter\CodeIgniter->run()
10 SYSTEMPATH\Boot.php(67): CodeIgniter\Boot::runCodeIgniter(Object(CodeIgniter\CodeIgniter))
11 FCPATH\index.php(56): CodeIgniter\Boot::bootWeb(Object(Config\Paths))
12 SYSTEMPATH\rewrite.php(44): require_once('C:\\xampp\\htdocs\\warungemak\\public\\index.php')
CRITICAL - 2024-12-01 12:19:34 --> ErrorException: Undefined array key "kategori_nama"
[Method: GET, Route: menu]
in APPPATH\Controllers\Pages.php on line 44.
 1 APPPATH\Controllers\Pages.php(44): CodeIgniter\Debug\Exceptions->errorHandler(2, 'Undefined array key "kategori_nama"', 'C:\\xampp\\htdocs\\warungemak\\app\\Controllers\\Pages.php', 44)
 2 SYSTEMPATH\CodeIgniter.php(933): App\Controllers\Pages->menu()
 3 SYSTEMPATH\CodeIgniter.php(509): CodeIgniter\CodeIgniter->runController(Object(App\Controllers\Pages))
 4 SYSTEMPATH\CodeIgniter.php(355): CodeIgniter\CodeIgniter->handleRequest(null, Object(Config\Cache), false)
 5 SYSTEMPATH\Boot.php(325): CodeIgniter\CodeIgniter->run()
 6 SYSTEMPATH\Boot.php(67): CodeIgniter\Boot::runCodeIgniter(Object(CodeIgniter\CodeIgniter))
 7 FCPATH\index.php(56): CodeIgniter\Boot::bootWeb(Object(Config\Paths))
 8 SYSTEMPATH\rewrite.php(44): require_once('C:\\xampp\\htdocs\\warungemak\\public\\index.php')
CRITICAL - 2024-12-01 12:21:50 --> TypeError: usort(): Argument #1 ($array) must be of type array, null given
[Method: GET, Route: menu]
in APPPATH\Controllers\Pages.php on line 42.
 1 APPPATH\Controllers\Pages.php(42): usort(null, Object(Closure))
 2 SYSTEMPATH\CodeIgniter.php(933): App\Controllers\Pages->menu()
 3 SYSTEMPATH\CodeIgniter.php(509): CodeIgniter\CodeIgniter->runController(Object(App\Controllers\Pages))
 4 SYSTEMPATH\CodeIgniter.php(355): CodeIgniter\CodeIgniter->handleRequest(null, Object(Config\Cache), false)
 5 SYSTEMPATH\Boot.php(325): CodeIgniter\CodeIgniter->run()
 6 SYSTEMPATH\Boot.php(67): CodeIgniter\Boot::runCodeIgniter(Object(CodeIgniter\CodeIgniter))
 7 FCPATH\index.php(56): CodeIgniter\Boot::bootWeb(Object(Config\Paths))
 8 SYSTEMPATH\rewrite.php(44): require_once('C:\\xampp\\htdocs\\warungemak\\public\\index.php')
CRITICAL - 2024-12-01 12:22:04 --> TypeError: usort(): Argument #1 ($array) must be of type array, null given
[Method: GET, Route: menu]
in APPPATH\Controllers\Pages.php on line 42.
 1 APPPATH\Controllers\Pages.php(42): usort(null, Object(Closure))
 2 SYSTEMPATH\CodeIgniter.php(933): App\Controllers\Pages->menu()
 3 SYSTEMPATH\CodeIgniter.php(509): CodeIgniter\CodeIgniter->runController(Object(App\Controllers\Pages))
 4 SYSTEMPATH\CodeIgniter.php(355): CodeIgniter\CodeIgniter->handleRequest(null, Object(Config\Cache), false)
 5 SYSTEMPATH\Boot.php(325): CodeIgniter\CodeIgniter->run()
 6 SYSTEMPATH\Boot.php(67): CodeIgniter\Boot::runCodeIgniter(Object(CodeIgniter\CodeIgniter))
 7 FCPATH\index.php(56): CodeIgniter\Boot::bootWeb(Object(Config\Paths))
 8 SYSTEMPATH\rewrite.php(44): require_once('C:\\xampp\\htdocs\\warungemak\\public\\index.php')
CRITICAL - 2024-12-01 12:27:03 --> TypeError: usort(): Argument #1 ($array) must be of type array, null given
[Method: GET, Route: menu]
in APPPATH\Controllers\Pages.php on line 42.
 1 APPPATH\Controllers\Pages.php(42): usort(null, Object(Closure))
 2 SYSTEMPATH\CodeIgniter.php(933): App\Controllers\Pages->menu()
 3 SYSTEMPATH\CodeIgniter.php(509): CodeIgniter\CodeIgniter->runController(Object(App\Controllers\Pages))
 4 SYSTEMPATH\CodeIgniter.php(355): CodeIgniter\CodeIgniter->handleRequest(null, Object(Config\Cache), false)
 5 SYSTEMPATH\Boot.php(325): CodeIgniter\CodeIgniter->run()
 6 SYSTEMPATH\Boot.php(67): CodeIgniter\Boot::runCodeIgniter(Object(CodeIgniter\CodeIgniter))
 7 FCPATH\index.php(56): CodeIgniter\Boot::bootWeb(Object(Config\Paths))
 8 SYSTEMPATH\rewrite.php(44): require_once('C:\\xampp\\htdocs\\warungemak\\public\\index.php')
CRITICAL - 2024-12-01 12:27:04 --> TypeError: usort(): Argument #1 ($array) must be of type array, null given
[Method: GET, Route: menu]
in APPPATH\Controllers\Pages.php on line 42.
 1 APPPATH\Controllers\Pages.php(42): usort(null, Object(Closure))
 2 SYSTEMPATH\CodeIgniter.php(933): App\Controllers\Pages->menu()
 3 SYSTEMPATH\CodeIgniter.php(509): CodeIgniter\CodeIgniter->runController(Object(App\Controllers\Pages))
 4 SYSTEMPATH\CodeIgniter.php(355): CodeIgniter\CodeIgniter->handleRequest(null, Object(Config\Cache), false)
 5 SYSTEMPATH\Boot.php(325): CodeIgniter\CodeIgniter->run()
 6 SYSTEMPATH\Boot.php(67): CodeIgniter\Boot::runCodeIgniter(Object(CodeIgniter\CodeIgniter))
 7 FCPATH\index.php(56): CodeIgniter\Boot::bootWeb(Object(Config\Paths))
 8 SYSTEMPATH\rewrite.php(44): require_once('C:\\xampp\\htdocs\\warungemak\\public\\index.php')
CRITICAL - 2024-12-01 12:29:48 --> ErrorException: Undefined array key "daftar_menu"
[Method: GET, Route: menu]
in APPPATH\Controllers\Pages.php on line 59.
 1 APPPATH\Controllers\Pages.php(59): CodeIgniter\Debug\Exceptions->errorHandler(2, 'Undefined array key "daftar_menu"', 'C:\\xampp\\htdocs\\warungemak\\app\\Controllers\\Pages.php', 59)
 2 SYSTEMPATH\CodeIgniter.php(933): App\Controllers\Pages->menu()
 3 SYSTEMPATH\CodeIgniter.php(509): CodeIgniter\CodeIgniter->runController(Object(App\Controllers\Pages))
 4 SYSTEMPATH\CodeIgniter.php(355): CodeIgniter\CodeIgniter->handleRequest(null, Object(Config\Cache), false)
 5 SYSTEMPATH\Boot.php(325): CodeIgniter\CodeIgniter->run()
 6 SYSTEMPATH\Boot.php(67): CodeIgniter\Boot::runCodeIgniter(Object(CodeIgniter\CodeIgniter))
 7 FCPATH\index.php(56): CodeIgniter\Boot::bootWeb(Object(Config\Paths))
 8 SYSTEMPATH\rewrite.php(44): require_once('C:\\xampp\\htdocs\\warungemak\\public\\index.php')
CRITICAL - 2024-12-01 12:30:25 --> ErrorException: Undefined array key "daftar_menu"
[Method: GET, Route: menu]
in APPPATH\Controllers\Pages.php on line 59.
 1 APPPATH\Controllers\Pages.php(59): CodeIgniter\Debug\Exceptions->errorHandler(2, 'Undefined array key "daftar_menu"', 'C:\\xampp\\htdocs\\warungemak\\app\\Controllers\\Pages.php', 59)
 2 SYSTEMPATH\CodeIgniter.php(933): App\Controllers\Pages->menu()
 3 SYSTEMPATH\CodeIgniter.php(509): CodeIgniter\CodeIgniter->runController(Object(App\Controllers\Pages))
 4 SYSTEMPATH\CodeIgniter.php(355): CodeIgniter\CodeIgniter->handleRequest(null, Object(Config\Cache), false)
 5 SYSTEMPATH\Boot.php(325): CodeIgniter\CodeIgniter->run()
 6 SYSTEMPATH\Boot.php(67): CodeIgniter\Boot::runCodeIgniter(Object(CodeIgniter\CodeIgniter))
 7 FCPATH\index.php(56): CodeIgniter\Boot::bootWeb(Object(Config\Paths))
 8 SYSTEMPATH\rewrite.php(44): require_once('C:\\xampp\\htdocs\\warungemak\\public\\index.php')
CRITICAL - 2024-12-01 12:31:14 --> ErrorException: Undefined array key "nama_kategori"
[Method: GET, Route: menu]
in APPPATH\Controllers\Pages.php on line 43.
 1 APPPATH\Controllers\Pages.php(43): CodeIgniter\Debug\Exceptions->errorHandler(2, 'Undefined array key "nama_kategori"', 'C:\\xampp\\htdocs\\warungemak\\app\\Controllers\\Pages.php', 43)
 2 [internal function]: App\Controllers\Pages->App\Controllers\{closure}([...], [...])
 3 APPPATH\Controllers\Pages.php(42): usort([...], Object(Closure))
 4 SYSTEMPATH\CodeIgniter.php(933): App\Controllers\Pages->menu()
 5 SYSTEMPATH\CodeIgniter.php(509): CodeIgniter\CodeIgniter->runController(Object(App\Controllers\Pages))
 6 SYSTEMPATH\CodeIgniter.php(355): CodeIgniter\CodeIgniter->handleRequest(null, Object(Config\Cache), false)
 7 SYSTEMPATH\Boot.php(325): CodeIgniter\CodeIgniter->run()
 8 SYSTEMPATH\Boot.php(67): CodeIgniter\Boot::runCodeIgniter(Object(CodeIgniter\CodeIgniter))
 9 FCPATH\index.php(56): CodeIgniter\Boot::bootWeb(Object(Config\Paths))
10 SYSTEMPATH\rewrite.php(44): require_once('C:\\xampp\\htdocs\\warungemak\\public\\index.php')
CRITICAL - 2024-12-01 12:44:39 --> ErrorException: Undefined variable $menus
[Method: GET, Route: admin]
in APPPATH\Views\admin.php on line 23.
 1 APPPATH\Views\admin.php(23): CodeIgniter\Debug\Exceptions->errorHandler(2, 'Undefined variable $menus', 'C:\\xampp\\htdocs\\warungemak\\app\\Views\\admin.php', 23)
 2 SYSTEMPATH\View\View.php(234): include('C:\\xampp\\htdocs\\warungemak\\app\\Views\\admin.php')
 3 SYSTEMPATH\View\View.php(237): CodeIgniter\View\View->CodeIgniter\View\{closure}()
 4 SYSTEMPATH\Common.php(1171): CodeIgniter\View\View->render('admin', [], true)
 5 APPPATH\Controllers\Admin.php(9): view('admin')
 6 SYSTEMPATH\CodeIgniter.php(933): App\Controllers\Admin->admin()
 7 SYSTEMPATH\CodeIgniter.php(509): CodeIgniter\CodeIgniter->runController(Object(App\Controllers\Admin))
 8 SYSTEMPATH\CodeIgniter.php(355): CodeIgniter\CodeIgniter->handleRequest(null, Object(Config\Cache), false)
 9 SYSTEMPATH\Boot.php(325): CodeIgniter\CodeIgniter->run()
10 SYSTEMPATH\Boot.php(67): CodeIgniter\Boot::runCodeIgniter(Object(CodeIgniter\CodeIgniter))
11 FCPATH\index.php(56): CodeIgniter\Boot::bootWeb(Object(Config\Paths))
12 SYSTEMPATH\rewrite.php(44): require_once('C:\\xampp\\htdocs\\warungemak\\public\\index.php')
CRITICAL - 2024-12-01 12:45:03 --> ErrorException: Undefined variable $menu
[Method: GET, Route: admin]
in APPPATH\Views\admin.php on line 24.
 1 APPPATH\Views\admin.php(24): CodeIgniter\Debug\Exceptions->errorHandler(2, 'Undefined variable $menu', 'C:\\xampp\\htdocs\\warungemak\\app\\Views\\admin.php', 24)
 2 SYSTEMPATH\View\View.php(234): include('C:\\xampp\\htdocs\\warungemak\\app\\Views\\admin.php')
 3 SYSTEMPATH\View\View.php(237): CodeIgniter\View\View->CodeIgniter\View\{closure}()
 4 SYSTEMPATH\Common.php(1171): CodeIgniter\View\View->render('admin', [], true)
 5 APPPATH\Controllers\Admin.php(9): view('admin')
 6 SYSTEMPATH\CodeIgniter.php(933): App\Controllers\Admin->admin()
 7 SYSTEMPATH\CodeIgniter.php(509): CodeIgniter\CodeIgniter->runController(Object(App\Controllers\Admin))
 8 SYSTEMPATH\CodeIgniter.php(355): CodeIgniter\CodeIgniter->handleRequest(null, Object(Config\Cache), false)
 9 SYSTEMPATH\Boot.php(325): CodeIgniter\CodeIgniter->run()
10 SYSTEMPATH\Boot.php(67): CodeIgniter\Boot::runCodeIgniter(Object(CodeIgniter\CodeIgniter))
11 FCPATH\index.php(56): CodeIgniter\Boot::bootWeb(Object(Config\Paths))
12 SYSTEMPATH\rewrite.php(44): require_once('C:\\xampp\\htdocs\\warungemak\\public\\index.php')
CRITICAL - 2024-12-01 12:45:04 --> ErrorException: Undefined variable $menu
[Method: GET, Route: admin]
in APPPATH\Views\admin.php on line 24.
 1 APPPATH\Views\admin.php(24): CodeIgniter\Debug\Exceptions->errorHandler(2, 'Undefined variable $menu', 'C:\\xampp\\htdocs\\warungemak\\app\\Views\\admin.php', 24)
 2 SYSTEMPATH\View\View.php(234): include('C:\\xampp\\htdocs\\warungemak\\app\\Views\\admin.php')
 3 SYSTEMPATH\View\View.php(237): CodeIgniter\View\View->CodeIgniter\View\{closure}()
 4 SYSTEMPATH\Common.php(1171): CodeIgniter\View\View->render('admin', [], true)
 5 APPPATH\Controllers\Admin.php(9): view('admin')
 6 SYSTEMPATH\CodeIgniter.php(933): App\Controllers\Admin->admin()
 7 SYSTEMPATH\CodeIgniter.php(509): CodeIgniter\CodeIgniter->runController(Object(App\Controllers\Admin))
 8 SYSTEMPATH\CodeIgniter.php(355): CodeIgniter\CodeIgniter->handleRequest(null, Object(Config\Cache), false)
 9 SYSTEMPATH\Boot.php(325): CodeIgniter\CodeIgniter->run()
10 SYSTEMPATH\Boot.php(67): CodeIgniter\Boot::runCodeIgniter(Object(CodeIgniter\CodeIgniter))
11 FCPATH\index.php(56): CodeIgniter\Boot::bootWeb(Object(Config\Paths))
12 SYSTEMPATH\rewrite.php(44): require_once('C:\\xampp\\htdocs\\warungemak\\public\\index.php')
