INFO - 2024-12-20 19:13:45 --> Session: Class initialized using 'CodeIgniter\Session\Handlers\FileHandler' driver.
INFO - 2024-12-20 19:13:54 --> Session: Class initialized using 'CodeIgniter\Session\Handlers\FileHandler' driver.
ERROR - 2024-12-20 19:14:02 --> Error connecting to the database: mysqli_sql_exception: No connection could be made because the target machine actively refused it in C:\Users\vitoa\Desktop\kp\warungemak\system\Database\MySQLi\Connection.php:186
Stack trace:
#0 C:\Users\vitoa\Desktop\kp\warungemak\system\Database\MySQLi\Connection.php(186): mysqli->real_connect('127.0.0.1', 'root', Object(SensitiveParameterValue), 'warungemak', 3306, '', 0)
#1 C:\Users\vitoa\Desktop\kp\warungemak\system\Database\BaseConnection.php(421): CodeIgniter\Database\MySQLi\Connection->connect(false)
#2 C:\Users\vitoa\Desktop\kp\warungemak\system\Database\BaseConnection.php(616): CodeIgniter\Database\BaseConnection->initialize()
#3 C:\Users\vitoa\Desktop\kp\warungemak\system\Database\BaseBuilder.php(1644): CodeIgniter\Database\BaseConnection->query('SELECT *\nFROM `...', Array, false)
#4 C:\Users\vitoa\Desktop\kp\warungemak\system\Model.php(330): CodeIgniter\Database\BaseBuilder->get()
#5 C:\Users\vitoa\Desktop\kp\warungemak\system\BaseModel.php(714): CodeIgniter\Model->doFirst()
#6 C:\Users\vitoa\Desktop\kp\warungemak\app\Controllers\AdminLogin.php(28): CodeIgniter\BaseModel->first()
#7 C:\Users\vitoa\Desktop\kp\warungemak\system\CodeIgniter.php(933): App\Controllers\AdminLogin->authenticate()
#8 C:\Users\vitoa\Desktop\kp\warungemak\system\CodeIgniter.php(509): CodeIgniter\CodeIgniter->runController(Object(App\Controllers\AdminLogin))
#9 C:\Users\vitoa\Desktop\kp\warungemak\system\CodeIgniter.php(355): CodeIgniter\CodeIgniter->handleRequest(NULL, Object(Config\Cache), false)
#10 C:\Users\vitoa\Desktop\kp\warungemak\system\Boot.php(325): CodeIgniter\CodeIgniter->run()
#11 C:\Users\vitoa\Desktop\kp\warungemak\system\Boot.php(67): CodeIgniter\Boot::runCodeIgniter(Object(CodeIgniter\CodeIgniter))
#12 C:\Users\vitoa\Desktop\kp\warungemak\public\index.php(56): CodeIgniter\Boot::bootWeb(Object(Config\Paths))
#13 C:\Users\vitoa\Desktop\kp\warungemak\system\rewrite.php(44): require_once('C:\\Users\\vitoa\\...')
#14 {main}

Next CodeIgniter\Database\Exceptions\DatabaseException: No connection could be made because the target machine actively refused it in C:\Users\vitoa\Desktop\kp\warungemak\system\Database\MySQLi\Connection.php:231
Stack trace:
#0 C:\Users\vitoa\Desktop\kp\warungemak\system\Database\BaseConnection.php(421): CodeIgniter\Database\MySQLi\Connection->connect(false)
#1 C:\Users\vitoa\Desktop\kp\warungemak\system\Database\BaseConnection.php(616): CodeIgniter\Database\BaseConnection->initialize()
#2 C:\Users\vitoa\Desktop\kp\warungemak\system\Database\BaseBuilder.php(1644): CodeIgniter\Database\BaseConnection->query('SELECT *\nFROM `...', Array, false)
#3 C:\Users\vitoa\Desktop\kp\warungemak\system\Model.php(330): CodeIgniter\Database\BaseBuilder->get()
#4 C:\Users\vitoa\Desktop\kp\warungemak\system\BaseModel.php(714): CodeIgniter\Model->doFirst()
#5 C:\Users\vitoa\Desktop\kp\warungemak\app\Controllers\AdminLogin.php(28): CodeIgniter\BaseModel->first()
#6 C:\Users\vitoa\Desktop\kp\warungemak\system\CodeIgniter.php(933): App\Controllers\AdminLogin->authenticate()
#7 C:\Users\vitoa\Desktop\kp\warungemak\system\CodeIgniter.php(509): CodeIgniter\CodeIgniter->runController(Object(App\Controllers\AdminLogin))
#8 C:\Users\vitoa\Desktop\kp\warungemak\system\CodeIgniter.php(355): CodeIgniter\CodeIgniter->handleRequest(NULL, Object(Config\Cache), false)
#9 C:\Users\vitoa\Desktop\kp\warungemak\system\Boot.php(325): CodeIgniter\CodeIgniter->run()
#10 C:\Users\vitoa\Desktop\kp\warungemak\system\Boot.php(67): CodeIgniter\Boot::runCodeIgniter(Object(CodeIgniter\CodeIgniter))
#11 C:\Users\vitoa\Desktop\kp\warungemak\public\index.php(56): CodeIgniter\Boot::bootWeb(Object(Config\Paths))
#12 C:\Users\vitoa\Desktop\kp\warungemak\system\rewrite.php(44): require_once('C:\\Users\\vitoa\\...')
#13 {main}
CRITICAL - 2024-12-20 19:14:02 --> CodeIgniter\Database\Exceptions\DatabaseException: Unable to connect to the database.
Main connection [MySQLi]: No connection could be made because the target machine actively refused it
[Method: POST, Route: login/authenticate]
in SYSTEMPATH\Database\BaseConnection.php on line 467.
 1 SYSTEMPATH\Database\BaseConnection.php(616): CodeIgniter\Database\BaseConnection->initialize()
 2 SYSTEMPATH\Database\BaseBuilder.php(1644): CodeIgniter\Database\BaseConnection->query('SELECT *
FROM `admin`
WHERE `username` = :username:
 LIMIT 1', [...], false)
 3 SYSTEMPATH\Model.php(330): CodeIgniter\Database\BaseBuilder->get()
 4 SYSTEMPATH\BaseModel.php(714): CodeIgniter\Model->doFirst()
 5 APPPATH\Controllers\AdminLogin.php(28): CodeIgniter\BaseModel->first()
 6 SYSTEMPATH\CodeIgniter.php(933): App\Controllers\AdminLogin->authenticate()
 7 SYSTEMPATH\CodeIgniter.php(509): CodeIgniter\CodeIgniter->runController(Object(App\Controllers\AdminLogin))
 8 SYSTEMPATH\CodeIgniter.php(355): CodeIgniter\CodeIgniter->handleRequest(null, Object(Config\Cache), false)
 9 SYSTEMPATH\Boot.php(325): CodeIgniter\CodeIgniter->run()
10 SYSTEMPATH\Boot.php(67): CodeIgniter\Boot::runCodeIgniter(Object(CodeIgniter\CodeIgniter))
11 FCPATH\index.php(56): CodeIgniter\Boot::bootWeb(Object(Config\Paths))
12 SYSTEMPATH\rewrite.php(44): require_once('C:\\Users\\vitoa\\Desktop\\kp\\warungemak\\public\\index.php')
ERROR - 2024-12-20 19:14:04 --> Error connecting to the database: mysqli_sql_exception: No connection could be made because the target machine actively refused it in C:\Users\vitoa\Desktop\kp\warungemak\system\Database\MySQLi\Connection.php:186
Stack trace:
#0 C:\Users\vitoa\Desktop\kp\warungemak\system\Database\MySQLi\Connection.php(186): mysqli->real_connect('127.0.0.1', 'root', Object(SensitiveParameterValue), 'warungemak', 3306, '', 0)
#1 C:\Users\vitoa\Desktop\kp\warungemak\system\Database\BaseConnection.php(421): CodeIgniter\Database\MySQLi\Connection->connect(false)
#2 C:\Users\vitoa\Desktop\kp\warungemak\system\Database\BaseConnection.php(616): CodeIgniter\Database\BaseConnection->initialize()
#3 C:\Users\vitoa\Desktop\kp\warungemak\system\Database\BaseBuilder.php(1644): CodeIgniter\Database\BaseConnection->query('SELECT *\nFROM `...', Array, false)
#4 C:\Users\vitoa\Desktop\kp\warungemak\system\Model.php(330): CodeIgniter\Database\BaseBuilder->get()
#5 C:\Users\vitoa\Desktop\kp\warungemak\system\BaseModel.php(714): CodeIgniter\Model->doFirst()
#6 C:\Users\vitoa\Desktop\kp\warungemak\app\Controllers\AdminLogin.php(28): CodeIgniter\BaseModel->first()
#7 C:\Users\vitoa\Desktop\kp\warungemak\system\CodeIgniter.php(933): App\Controllers\AdminLogin->authenticate()
#8 C:\Users\vitoa\Desktop\kp\warungemak\system\CodeIgniter.php(509): CodeIgniter\CodeIgniter->runController(Object(App\Controllers\AdminLogin))
#9 C:\Users\vitoa\Desktop\kp\warungemak\system\CodeIgniter.php(355): CodeIgniter\CodeIgniter->handleRequest(NULL, Object(Config\Cache), false)
#10 C:\Users\vitoa\Desktop\kp\warungemak\system\Boot.php(325): CodeIgniter\CodeIgniter->run()
#11 C:\Users\vitoa\Desktop\kp\warungemak\system\Boot.php(67): CodeIgniter\Boot::runCodeIgniter(Object(CodeIgniter\CodeIgniter))
#12 C:\Users\vitoa\Desktop\kp\warungemak\public\index.php(56): CodeIgniter\Boot::bootWeb(Object(Config\Paths))
#13 C:\Users\vitoa\Desktop\kp\warungemak\system\rewrite.php(44): require_once('C:\\Users\\vitoa\\...')
#14 {main}

Next CodeIgniter\Database\Exceptions\DatabaseException: No connection could be made because the target machine actively refused it in C:\Users\vitoa\Desktop\kp\warungemak\system\Database\MySQLi\Connection.php:231
Stack trace:
#0 C:\Users\vitoa\Desktop\kp\warungemak\system\Database\BaseConnection.php(421): CodeIgniter\Database\MySQLi\Connection->connect(false)
#1 C:\Users\vitoa\Desktop\kp\warungemak\system\Database\BaseConnection.php(616): CodeIgniter\Database\BaseConnection->initialize()
#2 C:\Users\vitoa\Desktop\kp\warungemak\system\Database\BaseBuilder.php(1644): CodeIgniter\Database\BaseConnection->query('SELECT *\nFROM `...', Array, false)
#3 C:\Users\vitoa\Desktop\kp\warungemak\system\Model.php(330): CodeIgniter\Database\BaseBuilder->get()
#4 C:\Users\vitoa\Desktop\kp\warungemak\system\BaseModel.php(714): CodeIgniter\Model->doFirst()
#5 C:\Users\vitoa\Desktop\kp\warungemak\app\Controllers\AdminLogin.php(28): CodeIgniter\BaseModel->first()
#6 C:\Users\vitoa\Desktop\kp\warungemak\system\CodeIgniter.php(933): App\Controllers\AdminLogin->authenticate()
#7 C:\Users\vitoa\Desktop\kp\warungemak\system\CodeIgniter.php(509): CodeIgniter\CodeIgniter->runController(Object(App\Controllers\AdminLogin))
#8 C:\Users\vitoa\Desktop\kp\warungemak\system\CodeIgniter.php(355): CodeIgniter\CodeIgniter->handleRequest(NULL, Object(Config\Cache), false)
#9 C:\Users\vitoa\Desktop\kp\warungemak\system\Boot.php(325): CodeIgniter\CodeIgniter->run()
#10 C:\Users\vitoa\Desktop\kp\warungemak\system\Boot.php(67): CodeIgniter\Boot::runCodeIgniter(Object(CodeIgniter\CodeIgniter))
#11 C:\Users\vitoa\Desktop\kp\warungemak\public\index.php(56): CodeIgniter\Boot::bootWeb(Object(Config\Paths))
#12 C:\Users\vitoa\Desktop\kp\warungemak\system\rewrite.php(44): require_once('C:\\Users\\vitoa\\...')
#13 {main}
CRITICAL - 2024-12-20 19:14:04 --> CodeIgniter\Database\Exceptions\DatabaseException: Unable to connect to the database.
Main connection [MySQLi]: No connection could be made because the target machine actively refused it
[Method: POST, Route: login/authenticate]
in SYSTEMPATH\Database\BaseConnection.php on line 467.
 1 SYSTEMPATH\Database\BaseConnection.php(616): CodeIgniter\Database\BaseConnection->initialize()
 2 SYSTEMPATH\Database\BaseBuilder.php(1644): CodeIgniter\Database\BaseConnection->query('SELECT *
FROM `admin`
WHERE `username` = :username:
 LIMIT 1', [...], false)
 3 SYSTEMPATH\Model.php(330): CodeIgniter\Database\BaseBuilder->get()
 4 SYSTEMPATH\BaseModel.php(714): CodeIgniter\Model->doFirst()
 5 APPPATH\Controllers\AdminLogin.php(28): CodeIgniter\BaseModel->first()
 6 SYSTEMPATH\CodeIgniter.php(933): App\Controllers\AdminLogin->authenticate()
 7 SYSTEMPATH\CodeIgniter.php(509): CodeIgniter\CodeIgniter->runController(Object(App\Controllers\AdminLogin))
 8 SYSTEMPATH\CodeIgniter.php(355): CodeIgniter\CodeIgniter->handleRequest(null, Object(Config\Cache), false)
 9 SYSTEMPATH\Boot.php(325): CodeIgniter\CodeIgniter->run()
10 SYSTEMPATH\Boot.php(67): CodeIgniter\Boot::runCodeIgniter(Object(CodeIgniter\CodeIgniter))
11 FCPATH\index.php(56): CodeIgniter\Boot::bootWeb(Object(Config\Paths))
12 SYSTEMPATH\rewrite.php(44): require_once('C:\\Users\\vitoa\\Desktop\\kp\\warungemak\\public\\index.php')
INFO - 2024-12-20 19:14:21 --> Session: Class initialized using 'CodeIgniter\Session\Handlers\FileHandler' driver.
INFO - 2024-12-20 19:14:21 --> Session: Class initialized using 'CodeIgniter\Session\Handlers\FileHandler' driver.
INFO - 2024-12-20 19:14:28 --> Session: Class initialized using 'CodeIgniter\Session\Handlers\FileHandler' driver.
INFO - 2024-12-20 19:15:22 --> Session: Class initialized using 'CodeIgniter\Session\Handlers\FileHandler' driver.
INFO - 2024-12-20 19:15:58 --> Session: Class initialized using 'CodeIgniter\Session\Handlers\FileHandler' driver.
